{"numTotalTestSuites":2,"numPassedTestSuites":0,"numFailedTestSuites":2,"numPendingTestSuites":0,"numTotalTests":2,"numPassedTests":0,"numFailedTests":2,"numPendingTests":0,"numTodoTests":0,"snapshot":{"added":0,"failure":false,"filesAdded":0,"filesRemoved":0,"filesRemovedList":[],"filesUnmatched":0,"filesUpdated":0,"matched":0,"total":0,"unchecked":0,"uncheckedKeysByFile":[],"unmatched":0,"updated":0,"didUpdate":false},"startTime":1771070637794,"success":false,"testResults":[{"assertionResults":[{"ancestorTitles":["App"],"fullName":"App should create the app","status":"failed","title":"should create the app","duration":3.038099999999986,"failureMessages":["Error: Component 'App' is not resolved:\n - templateUrl: ./app.html\n - styleUrl: ./app.scss\nDid you run and wait for 'resolveComponentResources()'?\n    at App.get (file:///C:/Projects/TravellerArchitect/node_modules/@angular/core/fesm2022/_debug_node-chunk.mjs:17829:17)\n    at getComponentDef (file:///C:/Projects/TravellerArchitect/node_modules/@angular/core/fesm2022/testing.mjs:1154:16)\n    at isStandaloneComponent (file:///C:/Projects/TravellerArchitect/node_modules/@angular/core/fesm2022/testing.mjs:1150:15)\n    at queueTypesFromModulesArrayRecur (file:///C:/Projects/TravellerArchitect/node_modules/@angular/core/fesm2022/testing.mjs:925:20)\n    at TestBedCompiler.queueTypesFromModulesArray (file:///C:/Projects/TravellerArchitect/node_modules/@angular/core/fesm2022/testing.mjs:943:5)\n    at TestBedCompiler.configureTestingModule (file:///C:/Projects/TravellerArchitect/node_modules/@angular/core/fesm2022/testing.mjs:567:12)\n    at TestBedImpl.configureTestingModule (file:///C:/Projects/TravellerArchitect/node_modules/@angular/core/fesm2022/testing.mjs:1402:19)\n    at TestBedImpl.configureTestingModule (file:///C:/Projects/TravellerArchitect/node_modules/@angular/core/fesm2022/testing.mjs:1273:33)\n    at C:/Projects/TravellerArchitect/src/app/app.spec.ts:7:19\n    at file:///C:/Projects/TravellerArchitect/node_modules/@vitest/runner/dist/index.js:145:11"],"meta":{}},{"ancestorTitles":["App"],"fullName":"App should render title","status":"failed","title":"should render title","duration":0.33780000000001564,"failureMessages":["Error: Component 'App' is not resolved:\n - templateUrl: ./app.html\n - styleUrl: ./app.scss\nDid you run and wait for 'resolveComponentResources()'?\n    at App.get (file:///C:/Projects/TravellerArchitect/node_modules/@angular/core/fesm2022/_debug_node-chunk.mjs:17829:17)\n    at getComponentDef (file:///C:/Projects/TravellerArchitect/node_modules/@angular/core/fesm2022/testing.mjs:1154:16)\n    at isStandaloneComponent (file:///C:/Projects/TravellerArchitect/node_modules/@angular/core/fesm2022/testing.mjs:1150:15)\n    at queueTypesFromModulesArrayRecur (file:///C:/Projects/TravellerArchitect/node_modules/@angular/core/fesm2022/testing.mjs:925:20)\n    at TestBedCompiler.queueTypesFromModulesArray (file:///C:/Projects/TravellerArchitect/node_modules/@angular/core/fesm2022/testing.mjs:943:5)\n    at TestBedCompiler.configureTestingModule (file:///C:/Projects/TravellerArchitect/node_modules/@angular/core/fesm2022/testing.mjs:567:12)\n    at TestBedImpl.configureTestingModule (file:///C:/Projects/TravellerArchitect/node_modules/@angular/core/fesm2022/testing.mjs:1402:19)\n    at TestBedImpl.configureTestingModule (file:///C:/Projects/TravellerArchitect/node_modules/@angular/core/fesm2022/testing.mjs:1273:33)\n    at C:/Projects/TravellerArchitect/src/app/app.spec.ts:7:19\n    at file:///C:/Projects/TravellerArchitect/node_modules/@vitest/runner/dist/index.js:145:11"],"meta":{}}],"startTime":1771070638708,"endTime":1771070638711.338,"status":"failed","message":"","name":"C:/Projects/TravellerArchitect/src/app/app.spec.ts"}]}